2018-01-07 13:08:46,952 INFO org.apache.hadoop.yarn.server.resourcemanager.ResourceManager: STARTUP_MSG: 
/************************************************************
STARTUP_MSG: Starting ResourceManager
STARTUP_MSG:   user = hadoop
STARTUP_MSG:   host = hadoop-secmaster/192.168.28.130
STARTUP_MSG:   args = []
STARTUP_MSG:   version = 2.8.2
STARTUP_MSG:   classpath = /opt/hadoop/etc/hadoop:/opt/hadoop/etc/hadoop:/opt/hadoop/etc/hadoop:/opt/hadoop/share/hadoop/common/lib/activation-1.1.jar:/opt/hadoop/share/hadoop/common/lib/apacheds-i18n-2.0.0-M15.jar:/opt/hadoop/share/hadoop/common/lib/apacheds-kerberos-codec-2.0.0-M15.jar:/opt/hadoop/share/hadoop/common/lib/api-asn1-api-1.0.0-M20.jar:/opt/hadoop/share/hadoop/common/lib/api-util-1.0.0-M20.jar:/opt/hadoop/share/hadoop/common/lib/asm-3.2.jar:/opt/hadoop/share/hadoop/common/lib/avro-1.7.4.jar:/opt/hadoop/share/hadoop/common/lib/commons-beanutils-1.7.0.jar:/opt/hadoop/share/hadoop/common/lib/commons-beanutils-core-1.8.0.jar:/opt/hadoop/share/hadoop/common/lib/commons-cli-1.2.jar:/opt/hadoop/share/hadoop/common/lib/commons-codec-1.4.jar:/opt/hadoop/share/hadoop/common/lib/commons-collections-3.2.2.jar:/opt/hadoop/share/hadoop/common/lib/commons-compress-1.4.1.jar:/opt/hadoop/share/hadoop/common/lib/commons-configuration-1.6.jar:/opt/hadoop/share/hadoop/common/lib/commons-digester-1.8.jar:/opt/hadoop/share/hadoop/common/lib/commons-io-2.4.jar:/opt/hadoop/share/hadoop/common/lib/commons-lang-2.6.jar:/opt/hadoop/share/hadoop/common/lib/commons-logging-1.1.3.jar:/opt/hadoop/share/hadoop/common/lib/commons-math3-3.1.1.jar:/opt/hadoop/share/hadoop/common/lib/commons-net-3.1.jar:/opt/hadoop/share/hadoop/common/lib/curator-client-2.7.1.jar:/opt/hadoop/share/hadoop/common/lib/curator-framework-2.7.1.jar:/opt/hadoop/share/hadoop/common/lib/curator-recipes-2.7.1.jar:/opt/hadoop/share/hadoop/common/lib/gson-2.2.4.jar:/opt/hadoop/share/hadoop/common/lib/guava-11.0.2.jar:/opt/hadoop/share/hadoop/common/lib/hadoop-annotations-2.8.2.jar:/opt/hadoop/share/hadoop/common/lib/hadoop-auth-2.8.2.jar:/opt/hadoop/share/hadoop/common/lib/hamcrest-core-1.3.jar:/opt/hadoop/share/hadoop/common/lib/htrace-core4-4.0.1-incubating.jar:/opt/hadoop/share/hadoop/common/lib/httpclient-4.5.2.jar:/opt/hadoop/share/hadoop/common/lib/httpcore-4.4.4.jar:/opt/hadoop/share/hadoop/common/lib/jackson-core-asl-1.9.13.jar:/opt/hadoop/share/hadoop/common/lib/jackson-jaxrs-1.9.13.jar:/opt/hadoop/share/hadoop/common/lib/jackson-mapper-asl-1.9.13.jar:/opt/hadoop/share/hadoop/common/lib/jackson-xc-1.9.13.jar:/opt/hadoop/share/hadoop/common/lib/java-xmlbuilder-0.4.jar:/opt/hadoop/share/hadoop/common/lib/jaxb-api-2.2.2.jar:/opt/hadoop/share/hadoop/common/lib/jaxb-impl-2.2.3-1.jar:/opt/hadoop/share/hadoop/common/lib/jcip-annotations-1.0.jar:/opt/hadoop/share/hadoop/common/lib/jersey-core-1.9.jar:/opt/hadoop/share/hadoop/common/lib/jersey-json-1.9.jar:/opt/hadoop/share/hadoop/common/lib/jersey-server-1.9.jar:/opt/hadoop/share/hadoop/common/lib/jets3t-0.9.0.jar:/opt/hadoop/share/hadoop/common/lib/jettison-1.1.jar:/opt/hadoop/share/hadoop/common/lib/jetty-6.1.26.jar:/opt/hadoop/share/hadoop/common/lib/jetty-sslengine-6.1.26.jar:/opt/hadoop/share/hadoop/common/lib/jetty-util-6.1.26.jar:/opt/hadoop/share/hadoop/common/lib/jsch-0.1.54.jar:/opt/hadoop/share/hadoop/common/lib/json-smart-1.1.1.jar:/opt/hadoop/share/hadoop/common/lib/jsp-api-2.1.jar:/opt/hadoop/share/hadoop/common/lib/jsr305-3.0.0.jar:/opt/hadoop/share/hadoop/common/lib/junit-4.11.jar:/opt/hadoop/share/hadoop/common/lib/log4j-1.2.17.jar:/opt/hadoop/share/hadoop/common/lib/mockito-all-1.8.5.jar:/opt/hadoop/share/hadoop/common/lib/netty-3.6.2.Final.jar:/opt/hadoop/share/hadoop/common/lib/nimbus-jose-jwt-3.9.jar:/opt/hadoop/share/hadoop/common/lib/paranamer-2.3.jar:/opt/hadoop/share/hadoop/common/lib/protobuf-java-2.5.0.jar:/opt/hadoop/share/hadoop/common/lib/servlet-api-2.5.jar:/opt/hadoop/share/hadoop/common/lib/slf4j-api-1.7.10.jar:/opt/hadoop/share/hadoop/common/lib/slf4j-log4j12-1.7.10.jar:/opt/hadoop/share/hadoop/common/lib/snappy-java-1.0.4.1.jar:/opt/hadoop/share/hadoop/common/lib/stax-api-1.0-2.jar:/opt/hadoop/share/hadoop/common/lib/xmlenc-0.52.jar:/opt/hadoop/share/hadoop/common/lib/xz-1.0.jar:/opt/hadoop/share/hadoop/common/lib/zookeeper-3.4.6.jar:/opt/hadoop/share/hadoop/common/hadoop-common-2.8.2-tests.jar:/opt/hadoop/share/hadoop/common/hadoop-common-2.8.2.jar:/opt/hadoop/share/hadoop/common/hadoop-nfs-2.8.2.jar:/opt/hadoop/share/hadoop/hdfs:/opt/hadoop/share/hadoop/hdfs/lib/asm-3.2.jar:/opt/hadoop/share/hadoop/hdfs/lib/commons-cli-1.2.jar:/opt/hadoop/share/hadoop/hdfs/lib/commons-codec-1.4.jar:/opt/hadoop/share/hadoop/hdfs/lib/commons-daemon-1.0.13.jar:/opt/hadoop/share/hadoop/hdfs/lib/commons-io-2.4.jar:/opt/hadoop/share/hadoop/hdfs/lib/commons-lang-2.6.jar:/opt/hadoop/share/hadoop/hdfs/lib/commons-logging-1.1.3.jar:/opt/hadoop/share/hadoop/hdfs/lib/guava-11.0.2.jar:/opt/hadoop/share/hadoop/hdfs/lib/hadoop-hdfs-client-2.8.2.jar:/opt/hadoop/share/hadoop/hdfs/lib/htrace-core4-4.0.1-incubating.jar:/opt/hadoop/share/hadoop/hdfs/lib/jackson-core-asl-1.9.13.jar:/opt/hadoop/share/hadoop/hdfs/lib/jackson-mapper-asl-1.9.13.jar:/opt/hadoop/share/hadoop/hdfs/lib/jersey-core-1.9.jar:/opt/hadoop/share/hadoop/hdfs/lib/jersey-server-1.9.jar:/opt/hadoop/share/hadoop/hdfs/lib/jetty-6.1.26.jar:/opt/hadoop/share/hadoop/hdfs/lib/jetty-util-6.1.26.jar:/opt/hadoop/share/hadoop/hdfs/lib/jsr305-3.0.0.jar:/opt/hadoop/share/hadoop/hdfs/lib/leveldbjni-all-1.8.jar:/opt/hadoop/share/hadoop/hdfs/lib/log4j-1.2.17.jar:/opt/hadoop/share/hadoop/hdfs/lib/netty-3.6.2.Final.jar:/opt/hadoop/share/hadoop/hdfs/lib/netty-all-4.0.23.Final.jar:/opt/hadoop/share/hadoop/hdfs/lib/okhttp-2.4.0.jar:/opt/hadoop/share/hadoop/hdfs/lib/okio-1.4.0.jar:/opt/hadoop/share/hadoop/hdfs/lib/protobuf-java-2.5.0.jar:/opt/hadoop/share/hadoop/hdfs/lib/servlet-api-2.5.jar:/opt/hadoop/share/hadoop/hdfs/lib/xercesImpl-2.9.1.jar:/opt/hadoop/share/hadoop/hdfs/lib/xml-apis-1.3.04.jar:/opt/hadoop/share/hadoop/hdfs/lib/xmlenc-0.52.jar:/opt/hadoop/share/hadoop/hdfs/hadoop-hdfs-2.8.2-tests.jar:/opt/hadoop/share/hadoop/hdfs/hadoop-hdfs-2.8.2.jar:/opt/hadoop/share/hadoop/hdfs/hadoop-hdfs-client-2.8.2-tests.jar:/opt/hadoop/share/hadoop/hdfs/hadoop-hdfs-client-2.8.2.jar:/opt/hadoop/share/hadoop/hdfs/hadoop-hdfs-native-client-2.8.2-tests.jar:/opt/hadoop/share/hadoop/hdfs/hadoop-hdfs-native-client-2.8.2.jar:/opt/hadoop/share/hadoop/hdfs/hadoop-hdfs-nfs-2.8.2.jar:/opt/hadoop/share/hadoop/yarn/lib/activation-1.1.jar:/opt/hadoop/share/hadoop/yarn/lib/aopalliance-1.0.jar:/opt/hadoop/share/hadoop/yarn/lib/asm-3.2.jar:/opt/hadoop/share/hadoop/yarn/lib/commons-cli-1.2.jar:/opt/hadoop/share/hadoop/yarn/lib/commons-codec-1.4.jar:/opt/hadoop/share/hadoop/yarn/lib/commons-collections-3.2.2.jar:/opt/hadoop/share/hadoop/yarn/lib/commons-compress-1.4.1.jar:/opt/hadoop/share/hadoop/yarn/lib/commons-io-2.4.jar:/opt/hadoop/share/hadoop/yarn/lib/commons-lang-2.6.jar:/opt/hadoop/share/hadoop/yarn/lib/commons-logging-1.1.3.jar:/opt/hadoop/share/hadoop/yarn/lib/commons-math-2.2.jar:/opt/hadoop/share/hadoop/yarn/lib/curator-client-2.7.1.jar:/opt/hadoop/share/hadoop/yarn/lib/curator-test-2.7.1.jar:/opt/hadoop/share/hadoop/yarn/lib/fst-2.50.jar:/opt/hadoop/share/hadoop/yarn/lib/guava-11.0.2.jar:/opt/hadoop/share/hadoop/yarn/lib/guice-3.0.jar:/opt/hadoop/share/hadoop/yarn/lib/guice-servlet-3.0.jar:/opt/hadoop/share/hadoop/yarn/lib/jackson-core-asl-1.9.13.jar:/opt/hadoop/share/hadoop/yarn/lib/jackson-jaxrs-1.9.13.jar:/opt/hadoop/share/hadoop/yarn/lib/jackson-mapper-asl-1.9.13.jar:/opt/hadoop/share/hadoop/yarn/lib/jackson-xc-1.9.13.jar:/opt/hadoop/share/hadoop/yarn/lib/java-util-1.9.0.jar:/opt/hadoop/share/hadoop/yarn/lib/javassist-3.18.1-GA.jar:/opt/hadoop/share/hadoop/yarn/lib/javax.inject-1.jar:/opt/hadoop/share/hadoop/yarn/lib/jaxb-api-2.2.2.jar:/opt/hadoop/share/hadoop/yarn/lib/jaxb-impl-2.2.3-1.jar:/opt/hadoop/share/hadoop/yarn/lib/jersey-client-1.9.jar:/opt/hadoop/share/hadoop/yarn/lib/jersey-core-1.9.jar:/opt/hadoop/share/hadoop/yarn/lib/jersey-guice-1.9.jar:/opt/hadoop/share/hadoop/yarn/lib/jersey-json-1.9.jar:/opt/hadoop/share/hadoop/yarn/lib/jersey-server-1.9.jar:/opt/hadoop/share/hadoop/yarn/lib/jettison-1.1.jar:/opt/hadoop/share/hadoop/yarn/lib/jetty-6.1.26.jar:/opt/hadoop/share/hadoop/yarn/lib/jetty-util-6.1.26.jar:/opt/hadoop/share/hadoop/yarn/lib/json-io-2.5.1.jar:/opt/hadoop/share/hadoop/yarn/lib/jsr305-3.0.0.jar:/opt/hadoop/share/hadoop/yarn/lib/leveldbjni-all-1.8.jar:/opt/hadoop/share/hadoop/yarn/lib/log4j-1.2.17.jar:/opt/hadoop/share/hadoop/yarn/lib/netty-3.6.2.Final.jar:/opt/hadoop/share/hadoop/yarn/lib/protobuf-java-2.5.0.jar:/opt/hadoop/share/hadoop/yarn/lib/servlet-api-2.5.jar:/opt/hadoop/share/hadoop/yarn/lib/stax-api-1.0-2.jar:/opt/hadoop/share/hadoop/yarn/lib/xz-1.0.jar:/opt/hadoop/share/hadoop/yarn/lib/zookeeper-3.4.6-tests.jar:/opt/hadoop/share/hadoop/yarn/lib/zookeeper-3.4.6.jar:/opt/hadoop/share/hadoop/yarn/hadoop-yarn-api-2.8.2.jar:/opt/hadoop/share/hadoop/yarn/hadoop-yarn-applications-distributedshell-2.8.2.jar:/opt/hadoop/share/hadoop/yarn/hadoop-yarn-applications-unmanaged-am-launcher-2.8.2.jar:/opt/hadoop/share/hadoop/yarn/hadoop-yarn-client-2.8.2.jar:/opt/hadoop/share/hadoop/yarn/hadoop-yarn-common-2.8.2.jar:/opt/hadoop/share/hadoop/yarn/hadoop-yarn-registry-2.8.2.jar:/opt/hadoop/share/hadoop/yarn/hadoop-yarn-server-applicationhistoryservice-2.8.2.jar:/opt/hadoop/share/hadoop/yarn/hadoop-yarn-server-common-2.8.2.jar:/opt/hadoop/share/hadoop/yarn/hadoop-yarn-server-nodemanager-2.8.2.jar:/opt/hadoop/share/hadoop/yarn/hadoop-yarn-server-resourcemanager-2.8.2.jar:/opt/hadoop/share/hadoop/yarn/hadoop-yarn-server-sharedcachemanager-2.8.2.jar:/opt/hadoop/share/hadoop/yarn/hadoop-yarn-server-tests-2.8.2.jar:/opt/hadoop/share/hadoop/yarn/hadoop-yarn-server-timeline-pluginstorage-2.8.2.jar:/opt/hadoop/share/hadoop/yarn/hadoop-yarn-server-web-proxy-2.8.2.jar:/opt/hadoop/share/hadoop/mapreduce/lib/aopalliance-1.0.jar:/opt/hadoop/share/hadoop/mapreduce/lib/asm-3.2.jar:/opt/hadoop/share/hadoop/mapreduce/lib/avro-1.7.4.jar:/opt/hadoop/share/hadoop/mapreduce/lib/commons-compress-1.4.1.jar:/opt/hadoop/share/hadoop/mapreduce/lib/commons-io-2.4.jar:/opt/hadoop/share/hadoop/mapreduce/lib/guice-3.0.jar:/opt/hadoop/share/hadoop/mapreduce/lib/guice-servlet-3.0.jar:/opt/hadoop/share/hadoop/mapreduce/lib/hadoop-annotations-2.8.2.jar:/opt/hadoop/share/hadoop/mapreduce/lib/hamcrest-core-1.3.jar:/opt/hadoop/share/hadoop/mapreduce/lib/jackson-core-asl-1.9.13.jar:/opt/hadoop/share/hadoop/mapreduce/lib/jackson-mapper-asl-1.9.13.jar:/opt/hadoop/share/hadoop/mapreduce/lib/javax.inject-1.jar:/opt/hadoop/share/hadoop/mapreduce/lib/jersey-core-1.9.jar:/opt/hadoop/share/hadoop/mapreduce/lib/jersey-guice-1.9.jar:/opt/hadoop/share/hadoop/mapreduce/lib/jersey-server-1.9.jar:/opt/hadoop/share/hadoop/mapreduce/lib/junit-4.11.jar:/opt/hadoop/share/hadoop/mapreduce/lib/leveldbjni-all-1.8.jar:/opt/hadoop/share/hadoop/mapreduce/lib/log4j-1.2.17.jar:/opt/hadoop/share/hadoop/mapreduce/lib/netty-3.6.2.Final.jar:/opt/hadoop/share/hadoop/mapreduce/lib/paranamer-2.3.jar:/opt/hadoop/share/hadoop/mapreduce/lib/protobuf-java-2.5.0.jar:/opt/hadoop/share/hadoop/mapreduce/lib/snappy-java-1.0.4.1.jar:/opt/hadoop/share/hadoop/mapreduce/lib/xz-1.0.jar:/opt/hadoop/share/hadoop/mapreduce/hadoop-mapreduce-client-app-2.8.2.jar:/opt/hadoop/share/hadoop/mapreduce/hadoop-mapreduce-client-common-2.8.2.jar:/opt/hadoop/share/hadoop/mapreduce/hadoop-mapreduce-client-core-2.8.2.jar:/opt/hadoop/share/hadoop/mapreduce/hadoop-mapreduce-client-hs-2.8.2.jar:/opt/hadoop/share/hadoop/mapreduce/hadoop-mapreduce-client-hs-plugins-2.8.2.jar:/opt/hadoop/share/hadoop/mapreduce/hadoop-mapreduce-client-jobclient-2.8.2-tests.jar:/opt/hadoop/share/hadoop/mapreduce/hadoop-mapreduce-client-jobclient-2.8.2.jar:/opt/hadoop/share/hadoop/mapreduce/hadoop-mapreduce-client-shuffle-2.8.2.jar:/opt/hadoop/share/hadoop/mapreduce/hadoop-mapreduce-examples-2.8.2.jar:/contrib/capacity-scheduler/*.jar:/contrib/capacity-scheduler/*.jar:/contrib/capacity-scheduler/*.jar:/contrib/capacity-scheduler/*.jar:/opt/hadoop/share/hadoop/yarn/hadoop-yarn-api-2.8.2.jar:/opt/hadoop/share/hadoop/yarn/hadoop-yarn-applications-distributedshell-2.8.2.jar:/opt/hadoop/share/hadoop/yarn/hadoop-yarn-applications-unmanaged-am-launcher-2.8.2.jar:/opt/hadoop/share/hadoop/yarn/hadoop-yarn-client-2.8.2.jar:/opt/hadoop/share/hadoop/yarn/hadoop-yarn-common-2.8.2.jar:/opt/hadoop/share/hadoop/yarn/hadoop-yarn-registry-2.8.2.jar:/opt/hadoop/share/hadoop/yarn/hadoop-yarn-server-applicationhistoryservice-2.8.2.jar:/opt/hadoop/share/hadoop/yarn/hadoop-yarn-server-common-2.8.2.jar:/opt/hadoop/share/hadoop/yarn/hadoop-yarn-server-nodemanager-2.8.2.jar:/opt/hadoop/share/hadoop/yarn/hadoop-yarn-server-resourcemanager-2.8.2.jar:/opt/hadoop/share/hadoop/yarn/hadoop-yarn-server-sharedcachemanager-2.8.2.jar:/opt/hadoop/share/hadoop/yarn/hadoop-yarn-server-tests-2.8.2.jar:/opt/hadoop/share/hadoop/yarn/hadoop-yarn-server-timeline-pluginstorage-2.8.2.jar:/opt/hadoop/share/hadoop/yarn/hadoop-yarn-server-web-proxy-2.8.2.jar:/opt/hadoop/share/hadoop/yarn/lib/activation-1.1.jar:/opt/hadoop/share/hadoop/yarn/lib/aopalliance-1.0.jar:/opt/hadoop/share/hadoop/yarn/lib/asm-3.2.jar:/opt/hadoop/share/hadoop/yarn/lib/commons-cli-1.2.jar:/opt/hadoop/share/hadoop/yarn/lib/commons-codec-1.4.jar:/opt/hadoop/share/hadoop/yarn/lib/commons-collections-3.2.2.jar:/opt/hadoop/share/hadoop/yarn/lib/commons-compress-1.4.1.jar:/opt/hadoop/share/hadoop/yarn/lib/commons-io-2.4.jar:/opt/hadoop/share/hadoop/yarn/lib/commons-lang-2.6.jar:/opt/hadoop/share/hadoop/yarn/lib/commons-logging-1.1.3.jar:/opt/hadoop/share/hadoop/yarn/lib/commons-math-2.2.jar:/opt/hadoop/share/hadoop/yarn/lib/curator-client-2.7.1.jar:/opt/hadoop/share/hadoop/yarn/lib/curator-test-2.7.1.jar:/opt/hadoop/share/hadoop/yarn/lib/fst-2.50.jar:/opt/hadoop/share/hadoop/yarn/lib/guava-11.0.2.jar:/opt/hadoop/share/hadoop/yarn/lib/guice-3.0.jar:/opt/hadoop/share/hadoop/yarn/lib/guice-servlet-3.0.jar:/opt/hadoop/share/hadoop/yarn/lib/jackson-core-asl-1.9.13.jar:/opt/hadoop/share/hadoop/yarn/lib/jackson-jaxrs-1.9.13.jar:/opt/hadoop/share/hadoop/yarn/lib/jackson-mapper-asl-1.9.13.jar:/opt/hadoop/share/hadoop/yarn/lib/jackson-xc-1.9.13.jar:/opt/hadoop/share/hadoop/yarn/lib/java-util-1.9.0.jar:/opt/hadoop/share/hadoop/yarn/lib/javassist-3.18.1-GA.jar:/opt/hadoop/share/hadoop/yarn/lib/javax.inject-1.jar:/opt/hadoop/share/hadoop/yarn/lib/jaxb-api-2.2.2.jar:/opt/hadoop/share/hadoop/yarn/lib/jaxb-impl-2.2.3-1.jar:/opt/hadoop/share/hadoop/yarn/lib/jersey-client-1.9.jar:/opt/hadoop/share/hadoop/yarn/lib/jersey-core-1.9.jar:/opt/hadoop/share/hadoop/yarn/lib/jersey-guice-1.9.jar:/opt/hadoop/share/hadoop/yarn/lib/jersey-json-1.9.jar:/opt/hadoop/share/hadoop/yarn/lib/jersey-server-1.9.jar:/opt/hadoop/share/hadoop/yarn/lib/jettison-1.1.jar:/opt/hadoop/share/hadoop/yarn/lib/jetty-6.1.26.jar:/opt/hadoop/share/hadoop/yarn/lib/jetty-util-6.1.26.jar:/opt/hadoop/share/hadoop/yarn/lib/json-io-2.5.1.jar:/opt/hadoop/share/hadoop/yarn/lib/jsr305-3.0.0.jar:/opt/hadoop/share/hadoop/yarn/lib/leveldbjni-all-1.8.jar:/opt/hadoop/share/hadoop/yarn/lib/log4j-1.2.17.jar:/opt/hadoop/share/hadoop/yarn/lib/netty-3.6.2.Final.jar:/opt/hadoop/share/hadoop/yarn/lib/protobuf-java-2.5.0.jar:/opt/hadoop/share/hadoop/yarn/lib/servlet-api-2.5.jar:/opt/hadoop/share/hadoop/yarn/lib/stax-api-1.0-2.jar:/opt/hadoop/share/hadoop/yarn/lib/xz-1.0.jar:/opt/hadoop/share/hadoop/yarn/lib/zookeeper-3.4.6-tests.jar:/opt/hadoop/share/hadoop/yarn/lib/zookeeper-3.4.6.jar:/opt/hadoop/etc/hadoop/rm-config/log4j.properties
STARTUP_MSG:   build = https://git-wip-us.apache.org/repos/asf/hadoop.git -r 66c47f2a01ad9637879e95f80c41f798373828fb; compiled by 'jdu' on 2017-10-19T20:39Z
STARTUP_MSG:   java = 1.8.0_152
************************************************************/
2018-01-07 13:08:46,961 INFO org.apache.hadoop.yarn.server.resourcemanager.ResourceManager: registered UNIX signal handlers for [TERM, HUP, INT]
2018-01-07 13:08:47,369 INFO org.apache.hadoop.conf.Configuration: found resource core-site.xml at file:/opt/hadoop-2.8.2/etc/hadoop/core-site.xml
2018-01-07 13:08:47,485 INFO org.apache.hadoop.security.Groups: clearing userToGroupsMap cache
2018-01-07 13:08:47,640 INFO org.apache.hadoop.conf.Configuration: found resource yarn-site.xml at file:/opt/hadoop-2.8.2/etc/hadoop/yarn-site.xml
2018-01-07 13:08:48,054 INFO org.apache.hadoop.yarn.event.AsyncDispatcher: Registering class org.apache.hadoop.yarn.server.resourcemanager.RMFatalEventType for class org.apache.hadoop.yarn.server.resourcemanager.ResourceManager$RMFatalEventDispatcher
2018-01-07 13:08:48,911 INFO org.apache.hadoop.yarn.server.resourcemanager.security.NMTokenSecretManagerInRM: NMTokenKeyRollingInterval: 86400000ms and NMTokenKeyActivationDelay: 900000ms
2018-01-07 13:08:48,924 INFO org.apache.hadoop.yarn.server.resourcemanager.security.RMContainerTokenSecretManager: ContainerTokenKeyRollingInterval: 86400000ms and ContainerTokenKeyActivationDelay: 900000ms
2018-01-07 13:08:48,943 INFO org.apache.hadoop.yarn.server.resourcemanager.security.AMRMTokenSecretManager: AMRMTokenKeyRollingInterval: 86400000ms and AMRMTokenKeyActivationDelay: 900000 ms
2018-01-07 13:08:49,053 INFO org.apache.hadoop.yarn.event.AsyncDispatcher: Registering class org.apache.hadoop.yarn.server.resourcemanager.recovery.RMStateStoreEventType for class org.apache.hadoop.yarn.server.resourcemanager.recovery.RMStateStore$ForwardingEventHandler
2018-01-07 13:08:49,076 INFO org.apache.hadoop.yarn.event.AsyncDispatcher: Registering class org.apache.hadoop.yarn.server.resourcemanager.NodesListManagerEventType for class org.apache.hadoop.yarn.server.resourcemanager.NodesListManager
2018-01-07 13:08:49,077 INFO org.apache.hadoop.yarn.server.resourcemanager.ResourceManager: Using Scheduler: org.apache.hadoop.yarn.server.resourcemanager.scheduler.capacity.CapacityScheduler
2018-01-07 13:08:49,182 INFO org.apache.hadoop.yarn.event.AsyncDispatcher: Registering class org.apache.hadoop.yarn.server.resourcemanager.scheduler.event.SchedulerEventType for class org.apache.hadoop.yarn.server.resourcemanager.ResourceManager$SchedulerEventDispatcher
2018-01-07 13:08:49,184 INFO org.apache.hadoop.yarn.event.AsyncDispatcher: Registering class org.apache.hadoop.yarn.server.resourcemanager.rmapp.RMAppEventType for class org.apache.hadoop.yarn.server.resourcemanager.ResourceManager$ApplicationEventDispatcher
2018-01-07 13:08:49,205 INFO org.apache.hadoop.yarn.event.AsyncDispatcher: Registering class org.apache.hadoop.yarn.server.resourcemanager.rmapp.attempt.RMAppAttemptEventType for class org.apache.hadoop.yarn.server.resourcemanager.ResourceManager$ApplicationAttemptEventDispatcher
2018-01-07 13:08:49,206 INFO org.apache.hadoop.yarn.event.AsyncDispatcher: Registering class org.apache.hadoop.yarn.server.resourcemanager.rmnode.RMNodeEventType for class org.apache.hadoop.yarn.server.resourcemanager.ResourceManager$NodeEventDispatcher
2018-01-07 13:08:49,313 INFO org.apache.hadoop.metrics2.impl.MetricsConfig: loaded properties from hadoop-metrics2.properties
2018-01-07 13:08:49,510 INFO org.apache.hadoop.metrics2.impl.MetricsSystemImpl: Scheduled Metric snapshot period at 10 second(s).
2018-01-07 13:08:49,510 INFO org.apache.hadoop.metrics2.impl.MetricsSystemImpl: ResourceManager metrics system started
2018-01-07 13:08:49,551 INFO org.apache.hadoop.yarn.event.AsyncDispatcher: Registering class org.apache.hadoop.yarn.server.resourcemanager.RMAppManagerEventType for class org.apache.hadoop.yarn.server.resourcemanager.RMAppManager
2018-01-07 13:08:49,576 INFO org.apache.hadoop.yarn.event.AsyncDispatcher: Registering class org.apache.hadoop.yarn.server.resourcemanager.amlauncher.AMLauncherEventType for class org.apache.hadoop.yarn.server.resourcemanager.amlauncher.ApplicationMasterLauncher
2018-01-07 13:08:49,579 INFO org.apache.hadoop.yarn.server.resourcemanager.RMNMInfo: Registered RMNMInfo MBean
2018-01-07 13:08:49,590 INFO org.apache.hadoop.yarn.security.YarnAuthorizationProvider: org.apache.hadoop.yarn.security.ConfiguredYarnAuthorizer is instiantiated.
2018-01-07 13:08:49,592 INFO org.apache.hadoop.util.HostsFileReader: Refreshing hosts (include/exclude) list
2018-01-07 13:08:49,612 INFO org.apache.hadoop.conf.Configuration: found resource capacity-scheduler.xml at file:/opt/hadoop-2.8.2/etc/hadoop/capacity-scheduler.xml
2018-01-07 13:08:49,836 INFO org.apache.hadoop.yarn.server.resourcemanager.scheduler.capacity.CapacitySchedulerConfiguration: max alloc mb per queue for root is undefined
2018-01-07 13:08:49,836 INFO org.apache.hadoop.yarn.server.resourcemanager.scheduler.capacity.CapacitySchedulerConfiguration: max alloc vcore per queue for root is undefined
2018-01-07 13:08:49,859 INFO org.apache.hadoop.yarn.server.resourcemanager.scheduler.capacity.ParentQueue: root, capacity=1.0, asboluteCapacity=1.0, maxCapacity=1.0, asboluteMaxCapacity=1.0, state=RUNNING, acls=SUBMIT_APP:*ADMINISTER_QUEUE:*, labels=*,, offswitchPerHeartbeatLimit = 1, reservationsContinueLooking=true
2018-01-07 13:08:49,859 INFO org.apache.hadoop.yarn.server.resourcemanager.scheduler.capacity.ParentQueue: Initialized parent-queue root name=root, fullname=root
2018-01-07 13:08:49,879 INFO org.apache.hadoop.yarn.server.resourcemanager.scheduler.capacity.CapacitySchedulerConfiguration: max alloc mb per queue for root.default is undefined
2018-01-07 13:08:49,879 INFO org.apache.hadoop.yarn.server.resourcemanager.scheduler.capacity.CapacitySchedulerConfiguration: max alloc vcore per queue for root.default is undefined
2018-01-07 13:08:49,883 INFO org.apache.hadoop.yarn.server.resourcemanager.scheduler.capacity.LeafQueue: Initializing default
capacity = 1.0 [= (float) configuredCapacity / 100 ]
asboluteCapacity = 1.0 [= parentAbsoluteCapacity * capacity ]
maxCapacity = 1.0 [= configuredMaxCapacity ]
absoluteMaxCapacity = 1.0 [= 1.0 maximumCapacity undefined, (parentAbsoluteMaxCapacity * maximumCapacity) / 100 otherwise ]
userLimit = 100 [= configuredUserLimit ]
userLimitFactor = 1.0 [= configuredUserLimitFactor ]
maxApplications = 10000 [= configuredMaximumSystemApplicationsPerQueue or (int)(configuredMaximumSystemApplications * absoluteCapacity)]
maxApplicationsPerUser = 10000 [= (int)(maxApplications * (userLimit / 100.0f) * userLimitFactor) ]
usedCapacity = 0.0 [= usedResourcesMemory / (clusterResourceMemory * absoluteCapacity)]
absoluteUsedCapacity = 0.0 [= usedResourcesMemory / clusterResourceMemory]
maxAMResourcePerQueuePercent = 0.1 [= configuredMaximumAMResourcePercent ]
minimumAllocationFactor = 0.875 [= (float)(maximumAllocationMemory - minimumAllocationMemory) / maximumAllocationMemory ]
maximumAllocation = <memory:8192, vCores:4> [= configuredMaxAllocation ]
numContainers = 0 [= currentNumContainers ]
state = RUNNING [= configuredState ]
acls = SUBMIT_APP:*ADMINISTER_QUEUE:* [= configuredAcls ]
nodeLocalityDelay = 40
labels=*,
reservationsContinueLooking = true
preemptionDisabled = true
defaultAppPriorityPerQueue = 0
2018-01-07 13:08:49,883 INFO org.apache.hadoop.yarn.server.resourcemanager.scheduler.capacity.CapacityScheduler: Initialized queue: default: capacity=1.0, absoluteCapacity=1.0, usedResources=<memory:0, vCores:0>, usedCapacity=0.0, absoluteUsedCapacity=0.0, numApps=0, numContainers=0
2018-01-07 13:08:49,883 INFO org.apache.hadoop.yarn.server.resourcemanager.scheduler.capacity.CapacityScheduler: Initialized queue: root: numChildQueue= 1, capacity=1.0, absoluteCapacity=1.0, usedResources=<memory:0, vCores:0>usedCapacity=0.0, numApps=0, numContainers=0
2018-01-07 13:08:49,884 INFO org.apache.hadoop.yarn.server.resourcemanager.scheduler.capacity.CapacityScheduler: Initialized root queue root: numChildQueue= 1, capacity=1.0, absoluteCapacity=1.0, usedResources=<memory:0, vCores:0>usedCapacity=0.0, numApps=0, numContainers=0
2018-01-07 13:08:49,884 INFO org.apache.hadoop.yarn.server.resourcemanager.scheduler.capacity.CapacityScheduler: Initialized queue mappings, override: false
2018-01-07 13:08:49,886 INFO org.apache.hadoop.yarn.server.resourcemanager.scheduler.capacity.CapacityScheduler: Initialized CapacityScheduler with calculator=class org.apache.hadoop.yarn.util.resource.DefaultResourceCalculator, minimumAllocation=<<memory:1024, vCores:1>>, maximumAllocation=<<memory:8192, vCores:4>>, asynchronousScheduling=false, asyncScheduleInterval=5ms
2018-01-07 13:08:49,891 INFO org.apache.hadoop.conf.Configuration: dynamic-resources.xml not found
2018-01-07 13:08:49,916 INFO org.apache.hadoop.yarn.server.resourcemanager.metrics.SystemMetricsPublisher: YARN system metrics publishing service is not enabled
2018-01-07 13:08:49,916 INFO org.apache.hadoop.yarn.server.resourcemanager.ResourceManager: Transitioning to active state
2018-01-07 13:08:49,929 INFO org.apache.hadoop.util.JvmPauseMonitor: Starting JVM pause monitor
2018-01-07 13:08:49,955 INFO org.apache.hadoop.yarn.server.resourcemanager.recovery.RMStateStore: Updating AMRMToken
2018-01-07 13:08:49,955 INFO org.apache.hadoop.yarn.server.resourcemanager.security.RMContainerTokenSecretManager: Rolling master-key for container-tokens
2018-01-07 13:08:49,955 INFO org.apache.hadoop.yarn.server.resourcemanager.security.NMTokenSecretManagerInRM: Rolling master-key for nm-tokens
2018-01-07 13:08:49,955 INFO org.apache.hadoop.security.token.delegation.AbstractDelegationTokenSecretManager: Updating the current master key for generating delegation tokens
2018-01-07 13:08:49,957 INFO org.apache.hadoop.yarn.server.resourcemanager.security.RMDelegationTokenSecretManager: storing master key with keyID 1
2018-01-07 13:08:49,957 INFO org.apache.hadoop.yarn.server.resourcemanager.recovery.RMStateStore: Storing RMDTMasterKey.
2018-01-07 13:08:49,962 INFO org.apache.hadoop.security.token.delegation.AbstractDelegationTokenSecretManager: Starting expired delegation token remover thread, tokenRemoverScanInterval=60 min(s)
2018-01-07 13:08:49,963 INFO org.apache.hadoop.security.token.delegation.AbstractDelegationTokenSecretManager: Updating the current master key for generating delegation tokens
2018-01-07 13:08:49,963 INFO org.apache.hadoop.yarn.server.resourcemanager.security.RMDelegationTokenSecretManager: storing master key with keyID 2
2018-01-07 13:08:49,963 INFO org.apache.hadoop.yarn.server.resourcemanager.recovery.RMStateStore: Storing RMDTMasterKey.
2018-01-07 13:08:49,980 INFO org.apache.hadoop.yarn.event.AsyncDispatcher: Registering class org.apache.hadoop.yarn.nodelabels.event.NodeLabelsStoreEventType for class org.apache.hadoop.yarn.nodelabels.CommonNodeLabelsManager$ForwardingEventHandler
2018-01-07 13:08:50,090 INFO org.apache.hadoop.ipc.CallQueueManager: Using callQueue: class java.util.concurrent.LinkedBlockingQueue queueCapacity: 5000 scheduler: class org.apache.hadoop.ipc.DefaultRpcScheduler
2018-01-07 13:08:50,123 INFO org.apache.hadoop.service.AbstractService: Service org.apache.hadoop.yarn.server.resourcemanager.ResourceTrackerService failed in state STARTED; cause: org.apache.hadoop.yarn.exceptions.YarnRuntimeException: java.net.BindException: Problem binding to [hadoop-master:8031] java.net.BindException: Cannot assign requested address; For more details see:  http://wiki.apache.org/hadoop/BindException
org.apache.hadoop.yarn.exceptions.YarnRuntimeException: java.net.BindException: Problem binding to [hadoop-master:8031] java.net.BindException: Cannot assign requested address; For more details see:  http://wiki.apache.org/hadoop/BindException
	at org.apache.hadoop.yarn.factories.impl.pb.RpcServerFactoryPBImpl.getServer(RpcServerFactoryPBImpl.java:139)
	at org.apache.hadoop.yarn.ipc.HadoopYarnProtoRPC.getServer(HadoopYarnProtoRPC.java:65)
	at org.apache.hadoop.yarn.ipc.YarnRPC.getServer(YarnRPC.java:54)
	at org.apache.hadoop.yarn.server.resourcemanager.ResourceTrackerService.serviceStart(ResourceTrackerService.java:220)
	at org.apache.hadoop.service.AbstractService.start(AbstractService.java:193)
	at org.apache.hadoop.service.CompositeService.serviceStart(CompositeService.java:120)
	at org.apache.hadoop.yarn.server.resourcemanager.ResourceManager$RMActiveServices.serviceStart(ResourceManager.java:701)
	at org.apache.hadoop.service.AbstractService.start(AbstractService.java:193)
	at org.apache.hadoop.yarn.server.resourcemanager.ResourceManager.startActiveServices(ResourceManager.java:1097)
	at org.apache.hadoop.yarn.server.resourcemanager.ResourceManager$1.run(ResourceManager.java:1137)
	at org.apache.hadoop.yarn.server.resourcemanager.ResourceManager$1.run(ResourceManager.java:1133)
	at java.security.AccessController.doPrivileged(Native Method)
	at javax.security.auth.Subject.doAs(Subject.java:422)
	at org.apache.hadoop.security.UserGroupInformation.doAs(UserGroupInformation.java:1836)
	at org.apache.hadoop.yarn.server.resourcemanager.ResourceManager.transitionToActive(ResourceManager.java:1133)
	at org.apache.hadoop.yarn.server.resourcemanager.ResourceManager.serviceStart(ResourceManager.java:1173)
	at org.apache.hadoop.service.AbstractService.start(AbstractService.java:193)
	at org.apache.hadoop.yarn.server.resourcemanager.ResourceManager.main(ResourceManager.java:1338)
Caused by: java.net.BindException: Problem binding to [hadoop-master:8031] java.net.BindException: Cannot assign requested address; For more details see:  http://wiki.apache.org/hadoop/BindException
	at sun.reflect.NativeConstructorAccessorImpl.newInstance0(Native Method)
	at sun.reflect.NativeConstructorAccessorImpl.newInstance(NativeConstructorAccessorImpl.java:62)
	at sun.reflect.DelegatingConstructorAccessorImpl.newInstance(DelegatingConstructorAccessorImpl.java:45)
	at java.lang.reflect.Constructor.newInstance(Constructor.java:423)
	at org.apache.hadoop.net.NetUtils.wrapWithMessage(NetUtils.java:801)
	at org.apache.hadoop.net.NetUtils.wrapException(NetUtils.java:721)
	at org.apache.hadoop.ipc.Server.bind(Server.java:554)
	at org.apache.hadoop.ipc.Server$Listener.<init>(Server.java:921)
	at org.apache.hadoop.ipc.Server.<init>(Server.java:2618)
	at org.apache.hadoop.ipc.RPC$Server.<init>(RPC.java:958)
	at org.apache.hadoop.ipc.ProtobufRpcEngine$Server.<init>(ProtobufRpcEngine.java:366)
	at org.apache.hadoop.ipc.ProtobufRpcEngine.getServer(ProtobufRpcEngine.java:341)
	at org.apache.hadoop.ipc.RPC$Builder.build(RPC.java:800)
	at org.apache.hadoop.yarn.factories.impl.pb.RpcServerFactoryPBImpl.createServer(RpcServerFactoryPBImpl.java:169)
	at org.apache.hadoop.yarn.factories.impl.pb.RpcServerFactoryPBImpl.getServer(RpcServerFactoryPBImpl.java:132)
	... 17 more
Caused by: java.net.BindException: Cannot assign requested address
	at sun.nio.ch.Net.bind0(Native Method)
	at sun.nio.ch.Net.bind(Net.java:433)
	at sun.nio.ch.Net.bind(Net.java:425)
	at sun.nio.ch.ServerSocketChannelImpl.bind(ServerSocketChannelImpl.java:223)
	at sun.nio.ch.ServerSocketAdaptor.bind(ServerSocketAdaptor.java:74)
	at org.apache.hadoop.ipc.Server.bind(Server.java:537)
	... 25 more
2018-01-07 13:08:50,127 INFO org.apache.hadoop.service.AbstractService: Service RMActiveServices failed in state STARTED; cause: org.apache.hadoop.yarn.exceptions.YarnRuntimeException: java.net.BindException: Problem binding to [hadoop-master:8031] java.net.BindException: Cannot assign requested address; For more details see:  http://wiki.apache.org/hadoop/BindException
org.apache.hadoop.yarn.exceptions.YarnRuntimeException: java.net.BindException: Problem binding to [hadoop-master:8031] java.net.BindException: Cannot assign requested address; For more details see:  http://wiki.apache.org/hadoop/BindException
	at org.apache.hadoop.yarn.factories.impl.pb.RpcServerFactoryPBImpl.getServer(RpcServerFactoryPBImpl.java:139)
	at org.apache.hadoop.yarn.ipc.HadoopYarnProtoRPC.getServer(HadoopYarnProtoRPC.java:65)
	at org.apache.hadoop.yarn.ipc.YarnRPC.getServer(YarnRPC.java:54)
	at org.apache.hadoop.yarn.server.resourcemanager.ResourceTrackerService.serviceStart(ResourceTrackerService.java:220)
	at org.apache.hadoop.service.AbstractService.start(AbstractService.java:193)
	at org.apache.hadoop.service.CompositeService.serviceStart(CompositeService.java:120)
	at org.apache.hadoop.yarn.server.resourcemanager.ResourceManager$RMActiveServices.serviceStart(ResourceManager.java:701)
	at org.apache.hadoop.service.AbstractService.start(AbstractService.java:193)
	at org.apache.hadoop.yarn.server.resourcemanager.ResourceManager.startActiveServices(ResourceManager.java:1097)
	at org.apache.hadoop.yarn.server.resourcemanager.ResourceManager$1.run(ResourceManager.java:1137)
	at org.apache.hadoop.yarn.server.resourcemanager.ResourceManager$1.run(ResourceManager.java:1133)
	at java.security.AccessController.doPrivileged(Native Method)
	at javax.security.auth.Subject.doAs(Subject.java:422)
	at org.apache.hadoop.security.UserGroupInformation.doAs(UserGroupInformation.java:1836)
	at org.apache.hadoop.yarn.server.resourcemanager.ResourceManager.transitionToActive(ResourceManager.java:1133)
	at org.apache.hadoop.yarn.server.resourcemanager.ResourceManager.serviceStart(ResourceManager.java:1173)
	at org.apache.hadoop.service.AbstractService.start(AbstractService.java:193)
	at org.apache.hadoop.yarn.server.resourcemanager.ResourceManager.main(ResourceManager.java:1338)
Caused by: java.net.BindException: Problem binding to [hadoop-master:8031] java.net.BindException: Cannot assign requested address; For more details see:  http://wiki.apache.org/hadoop/BindException
	at sun.reflect.NativeConstructorAccessorImpl.newInstance0(Native Method)
	at sun.reflect.NativeConstructorAccessorImpl.newInstance(NativeConstructorAccessorImpl.java:62)
	at sun.reflect.DelegatingConstructorAccessorImpl.newInstance(DelegatingConstructorAccessorImpl.java:45)
	at java.lang.reflect.Constructor.newInstance(Constructor.java:423)
	at org.apache.hadoop.net.NetUtils.wrapWithMessage(NetUtils.java:801)
	at org.apache.hadoop.net.NetUtils.wrapException(NetUtils.java:721)
	at org.apache.hadoop.ipc.Server.bind(Server.java:554)
	at org.apache.hadoop.ipc.Server$Listener.<init>(Server.java:921)
	at org.apache.hadoop.ipc.Server.<init>(Server.java:2618)
	at org.apache.hadoop.ipc.RPC$Server.<init>(RPC.java:958)
	at org.apache.hadoop.ipc.ProtobufRpcEngine$Server.<init>(ProtobufRpcEngine.java:366)
	at org.apache.hadoop.ipc.ProtobufRpcEngine.getServer(ProtobufRpcEngine.java:341)
	at org.apache.hadoop.ipc.RPC$Builder.build(RPC.java:800)
	at org.apache.hadoop.yarn.factories.impl.pb.RpcServerFactoryPBImpl.createServer(RpcServerFactoryPBImpl.java:169)
	at org.apache.hadoop.yarn.factories.impl.pb.RpcServerFactoryPBImpl.getServer(RpcServerFactoryPBImpl.java:132)
	... 17 more
Caused by: java.net.BindException: Cannot assign requested address
	at sun.nio.ch.Net.bind0(Native Method)
	at sun.nio.ch.Net.bind(Net.java:433)
	at sun.nio.ch.Net.bind(Net.java:425)
	at sun.nio.ch.ServerSocketChannelImpl.bind(ServerSocketChannelImpl.java:223)
	at sun.nio.ch.ServerSocketAdaptor.bind(ServerSocketAdaptor.java:74)
	at org.apache.hadoop.ipc.Server.bind(Server.java:537)
	... 25 more
2018-01-07 13:08:50,129 ERROR org.apache.hadoop.yarn.server.resourcemanager.ResourceManager: Returning, interrupted : java.lang.InterruptedException
2018-01-07 13:08:50,129 INFO org.apache.hadoop.yarn.event.AsyncDispatcher: AsyncDispatcher is draining to stop, igonring any new events.
2018-01-07 13:08:50,137 INFO org.apache.hadoop.yarn.util.AbstractLivelinessMonitor: AMLivelinessMonitor thread interrupted
2018-01-07 13:08:50,138 ERROR org.apache.hadoop.security.token.delegation.AbstractDelegationTokenSecretManager: ExpiredTokenRemover received java.lang.InterruptedException: sleep interrupted
2018-01-07 13:08:50,138 INFO org.apache.hadoop.yarn.util.AbstractLivelinessMonitor: org.apache.hadoop.yarn.server.resourcemanager.rmcontainer.ContainerAllocationExpirer thread interrupted
2018-01-07 13:08:50,138 INFO org.apache.hadoop.yarn.util.AbstractLivelinessMonitor: AMLivelinessMonitor thread interrupted
2018-01-07 13:08:50,139 INFO org.apache.hadoop.metrics2.impl.MetricsSystemImpl: Stopping ResourceManager metrics system...
2018-01-07 13:08:50,139 INFO org.apache.hadoop.yarn.util.AbstractLivelinessMonitor: NMLivelinessMonitor thread interrupted
2018-01-07 13:08:50,140 INFO org.apache.hadoop.metrics2.impl.MetricsSystemImpl: ResourceManager metrics system stopped.
2018-01-07 13:08:50,141 INFO org.apache.hadoop.metrics2.impl.MetricsSystemImpl: ResourceManager metrics system shutdown complete.
2018-01-07 13:08:50,141 INFO org.apache.hadoop.yarn.event.AsyncDispatcher: AsyncDispatcher is draining to stop, igonring any new events.
2018-01-07 13:08:50,143 INFO org.apache.hadoop.yarn.event.AsyncDispatcher: Registering class org.apache.hadoop.yarn.server.resourcemanager.RMFatalEventType for class org.apache.hadoop.yarn.server.resourcemanager.ResourceManager$RMFatalEventDispatcher
2018-01-07 13:08:50,144 INFO org.apache.hadoop.yarn.server.resourcemanager.security.NMTokenSecretManagerInRM: NMTokenKeyRollingInterval: 86400000ms and NMTokenKeyActivationDelay: 900000ms
2018-01-07 13:08:50,144 INFO org.apache.hadoop.yarn.server.resourcemanager.security.RMContainerTokenSecretManager: ContainerTokenKeyRollingInterval: 86400000ms and ContainerTokenKeyActivationDelay: 900000ms
2018-01-07 13:08:50,145 INFO org.apache.hadoop.yarn.server.resourcemanager.security.AMRMTokenSecretManager: AMRMTokenKeyRollingInterval: 86400000ms and AMRMTokenKeyActivationDelay: 900000 ms
2018-01-07 13:08:50,145 INFO org.apache.hadoop.yarn.event.AsyncDispatcher: Registering class org.apache.hadoop.yarn.server.resourcemanager.recovery.RMStateStoreEventType for class org.apache.hadoop.yarn.server.resourcemanager.recovery.RMStateStore$ForwardingEventHandler
2018-01-07 13:08:50,145 INFO org.apache.hadoop.yarn.event.AsyncDispatcher: Registering class org.apache.hadoop.yarn.server.resourcemanager.NodesListManagerEventType for class org.apache.hadoop.yarn.server.resourcemanager.NodesListManager
2018-01-07 13:08:50,145 INFO org.apache.hadoop.yarn.server.resourcemanager.ResourceManager: Using Scheduler: org.apache.hadoop.yarn.server.resourcemanager.scheduler.capacity.CapacityScheduler
2018-01-07 13:08:50,146 INFO org.apache.hadoop.yarn.event.AsyncDispatcher: Registering class org.apache.hadoop.yarn.server.resourcemanager.scheduler.event.SchedulerEventType for class org.apache.hadoop.yarn.server.resourcemanager.ResourceManager$SchedulerEventDispatcher
2018-01-07 13:08:50,146 INFO org.apache.hadoop.yarn.event.AsyncDispatcher: Registering class org.apache.hadoop.yarn.server.resourcemanager.rmapp.RMAppEventType for class org.apache.hadoop.yarn.server.resourcemanager.ResourceManager$ApplicationEventDispatcher
2018-01-07 13:08:50,146 INFO org.apache.hadoop.yarn.event.AsyncDispatcher: Registering class org.apache.hadoop.yarn.server.resourcemanager.rmapp.attempt.RMAppAttemptEventType for class org.apache.hadoop.yarn.server.resourcemanager.ResourceManager$ApplicationAttemptEventDispatcher
2018-01-07 13:08:50,146 INFO org.apache.hadoop.yarn.event.AsyncDispatcher: Registering class org.apache.hadoop.yarn.server.resourcemanager.rmnode.RMNodeEventType for class org.apache.hadoop.yarn.server.resourcemanager.ResourceManager$NodeEventDispatcher
2018-01-07 13:08:50,148 INFO org.apache.hadoop.metrics2.impl.MetricsConfig: loaded properties from hadoop-metrics2.properties
2018-01-07 13:08:50,149 INFO org.apache.hadoop.metrics2.impl.MetricsSystemImpl: Scheduled Metric snapshot period at 10 second(s).
2018-01-07 13:08:50,149 INFO org.apache.hadoop.metrics2.impl.MetricsSystemImpl: ResourceManager metrics system started
2018-01-07 13:08:50,150 INFO org.apache.hadoop.yarn.event.AsyncDispatcher: Registering class org.apache.hadoop.yarn.server.resourcemanager.RMAppManagerEventType for class org.apache.hadoop.yarn.server.resourcemanager.RMAppManager
2018-01-07 13:08:50,151 INFO org.apache.hadoop.yarn.event.AsyncDispatcher: Registering class org.apache.hadoop.yarn.server.resourcemanager.amlauncher.AMLauncherEventType for class org.apache.hadoop.yarn.server.resourcemanager.amlauncher.ApplicationMasterLauncher
2018-01-07 13:08:50,151 WARN org.apache.hadoop.metrics2.util.MBeans: Failed to register MBean "Hadoop:service=ResourceManager,name=RMNMInfo": Instance already exists.
2018-01-07 13:08:50,151 INFO org.apache.hadoop.yarn.server.resourcemanager.RMNMInfo: Registered RMNMInfo MBean
2018-01-07 13:08:50,151 INFO org.apache.hadoop.util.HostsFileReader: Refreshing hosts (include/exclude) list
2018-01-07 13:08:50,153 INFO org.apache.hadoop.conf.Configuration: found resource capacity-scheduler.xml at file:/opt/hadoop-2.8.2/etc/hadoop/capacity-scheduler.xml
2018-01-07 13:08:50,194 INFO org.apache.hadoop.yarn.server.resourcemanager.scheduler.capacity.CapacitySchedulerConfiguration: max alloc mb per queue for root is undefined
2018-01-07 13:08:50,194 INFO org.apache.hadoop.yarn.server.resourcemanager.scheduler.capacity.CapacitySchedulerConfiguration: max alloc vcore per queue for root is undefined
2018-01-07 13:08:50,195 INFO org.apache.hadoop.yarn.server.resourcemanager.scheduler.capacity.ParentQueue: root, capacity=1.0, asboluteCapacity=1.0, maxCapacity=1.0, asboluteMaxCapacity=1.0, state=RUNNING, acls=SUBMIT_APP:*ADMINISTER_QUEUE:*, labels=*,, offswitchPerHeartbeatLimit = 1, reservationsContinueLooking=true
2018-01-07 13:08:50,195 INFO org.apache.hadoop.yarn.server.resourcemanager.scheduler.capacity.ParentQueue: Initialized parent-queue root name=root, fullname=root
2018-01-07 13:08:50,233 INFO org.apache.hadoop.yarn.server.resourcemanager.scheduler.capacity.CapacitySchedulerConfiguration: max alloc mb per queue for root.default is undefined
2018-01-07 13:08:50,233 INFO org.apache.hadoop.yarn.server.resourcemanager.scheduler.capacity.CapacitySchedulerConfiguration: max alloc vcore per queue for root.default is undefined
2018-01-07 13:08:50,234 INFO org.apache.hadoop.yarn.server.resourcemanager.scheduler.capacity.LeafQueue: Initializing default
capacity = 1.0 [= (float) configuredCapacity / 100 ]
asboluteCapacity = 1.0 [= parentAbsoluteCapacity * capacity ]
maxCapacity = 1.0 [= configuredMaxCapacity ]
absoluteMaxCapacity = 1.0 [= 1.0 maximumCapacity undefined, (parentAbsoluteMaxCapacity * maximumCapacity) / 100 otherwise ]
userLimit = 100 [= configuredUserLimit ]
userLimitFactor = 1.0 [= configuredUserLimitFactor ]
maxApplications = 10000 [= configuredMaximumSystemApplicationsPerQueue or (int)(configuredMaximumSystemApplications * absoluteCapacity)]
maxApplicationsPerUser = 10000 [= (int)(maxApplications * (userLimit / 100.0f) * userLimitFactor) ]
usedCapacity = 0.0 [= usedResourcesMemory / (clusterResourceMemory * absoluteCapacity)]
absoluteUsedCapacity = 0.0 [= usedResourcesMemory / clusterResourceMemory]
maxAMResourcePerQueuePercent = 0.1 [= configuredMaximumAMResourcePercent ]
minimumAllocationFactor = 0.875 [= (float)(maximumAllocationMemory - minimumAllocationMemory) / maximumAllocationMemory ]
maximumAllocation = <memory:8192, vCores:4> [= configuredMaxAllocation ]
numContainers = 0 [= currentNumContainers ]
state = RUNNING [= configuredState ]
acls = SUBMIT_APP:*ADMINISTER_QUEUE:* [= configuredAcls ]
nodeLocalityDelay = 40
labels=*,
reservationsContinueLooking = true
preemptionDisabled = true
defaultAppPriorityPerQueue = 0
2018-01-07 13:08:50,235 INFO org.apache.hadoop.yarn.server.resourcemanager.scheduler.capacity.CapacityScheduler: Initialized queue: default: capacity=1.0, absoluteCapacity=1.0, usedResources=<memory:0, vCores:0>, usedCapacity=0.0, absoluteUsedCapacity=0.0, numApps=0, numContainers=0
2018-01-07 13:08:50,235 INFO org.apache.hadoop.yarn.server.resourcemanager.scheduler.capacity.CapacityScheduler: Initialized queue: root: numChildQueue= 1, capacity=1.0, absoluteCapacity=1.0, usedResources=<memory:0, vCores:0>usedCapacity=0.0, numApps=0, numContainers=0
2018-01-07 13:08:50,235 INFO org.apache.hadoop.yarn.server.resourcemanager.scheduler.capacity.CapacityScheduler: Initialized root queue root: numChildQueue= 1, capacity=1.0, absoluteCapacity=1.0, usedResources=<memory:0, vCores:0>usedCapacity=0.0, numApps=0, numContainers=0
2018-01-07 13:08:50,235 INFO org.apache.hadoop.yarn.server.resourcemanager.scheduler.capacity.CapacityScheduler: Initialized queue mappings, override: false
2018-01-07 13:08:50,235 INFO org.apache.hadoop.yarn.server.resourcemanager.scheduler.capacity.CapacityScheduler: Initialized CapacityScheduler with calculator=class org.apache.hadoop.yarn.util.resource.DefaultResourceCalculator, minimumAllocation=<<memory:1024, vCores:1>>, maximumAllocation=<<memory:8192, vCores:4>>, asynchronousScheduling=false, asyncScheduleInterval=5ms
2018-01-07 13:08:50,236 INFO org.apache.hadoop.conf.Configuration: dynamic-resources.xml not found
2018-01-07 13:08:50,237 INFO org.apache.hadoop.service.AbstractService: Service ResourceManager failed in state STARTED; cause: org.apache.hadoop.yarn.exceptions.YarnRuntimeException: java.net.BindException: Problem binding to [hadoop-master:8031] java.net.BindException: Cannot assign requested address; For more details see:  http://wiki.apache.org/hadoop/BindException
org.apache.hadoop.yarn.exceptions.YarnRuntimeException: java.net.BindException: Problem binding to [hadoop-master:8031] java.net.BindException: Cannot assign requested address; For more details see:  http://wiki.apache.org/hadoop/BindException
	at org.apache.hadoop.yarn.factories.impl.pb.RpcServerFactoryPBImpl.getServer(RpcServerFactoryPBImpl.java:139)
	at org.apache.hadoop.yarn.ipc.HadoopYarnProtoRPC.getServer(HadoopYarnProtoRPC.java:65)
	at org.apache.hadoop.yarn.ipc.YarnRPC.getServer(YarnRPC.java:54)
	at org.apache.hadoop.yarn.server.resourcemanager.ResourceTrackerService.serviceStart(ResourceTrackerService.java:220)
	at org.apache.hadoop.service.AbstractService.start(AbstractService.java:193)
	at org.apache.hadoop.service.CompositeService.serviceStart(CompositeService.java:120)
	at org.apache.hadoop.yarn.server.resourcemanager.ResourceManager$RMActiveServices.serviceStart(ResourceManager.java:701)
	at org.apache.hadoop.service.AbstractService.start(AbstractService.java:193)
	at org.apache.hadoop.yarn.server.resourcemanager.ResourceManager.startActiveServices(ResourceManager.java:1097)
	at org.apache.hadoop.yarn.server.resourcemanager.ResourceManager$1.run(ResourceManager.java:1137)
	at org.apache.hadoop.yarn.server.resourcemanager.ResourceManager$1.run(ResourceManager.java:1133)
	at java.security.AccessController.doPrivileged(Native Method)
	at javax.security.auth.Subject.doAs(Subject.java:422)
	at org.apache.hadoop.security.UserGroupInformation.doAs(UserGroupInformation.java:1836)
	at org.apache.hadoop.yarn.server.resourcemanager.ResourceManager.transitionToActive(ResourceManager.java:1133)
	at org.apache.hadoop.yarn.server.resourcemanager.ResourceManager.serviceStart(ResourceManager.java:1173)
	at org.apache.hadoop.service.AbstractService.start(AbstractService.java:193)
	at org.apache.hadoop.yarn.server.resourcemanager.ResourceManager.main(ResourceManager.java:1338)
Caused by: java.net.BindException: Problem binding to [hadoop-master:8031] java.net.BindException: Cannot assign requested address; For more details see:  http://wiki.apache.org/hadoop/BindException
	at sun.reflect.NativeConstructorAccessorImpl.newInstance0(Native Method)
	at sun.reflect.NativeConstructorAccessorImpl.newInstance(NativeConstructorAccessorImpl.java:62)
	at sun.reflect.DelegatingConstructorAccessorImpl.newInstance(DelegatingConstructorAccessorImpl.java:45)
	at java.lang.reflect.Constructor.newInstance(Constructor.java:423)
	at org.apache.hadoop.net.NetUtils.wrapWithMessage(NetUtils.java:801)
	at org.apache.hadoop.net.NetUtils.wrapException(NetUtils.java:721)
	at org.apache.hadoop.ipc.Server.bind(Server.java:554)
	at org.apache.hadoop.ipc.Server$Listener.<init>(Server.java:921)
	at org.apache.hadoop.ipc.Server.<init>(Server.java:2618)
	at org.apache.hadoop.ipc.RPC$Server.<init>(RPC.java:958)
	at org.apache.hadoop.ipc.ProtobufRpcEngine$Server.<init>(ProtobufRpcEngine.java:366)
	at org.apache.hadoop.ipc.ProtobufRpcEngine.getServer(ProtobufRpcEngine.java:341)
	at org.apache.hadoop.ipc.RPC$Builder.build(RPC.java:800)
	at org.apache.hadoop.yarn.factories.impl.pb.RpcServerFactoryPBImpl.createServer(RpcServerFactoryPBImpl.java:169)
	at org.apache.hadoop.yarn.factories.impl.pb.RpcServerFactoryPBImpl.getServer(RpcServerFactoryPBImpl.java:132)
	... 17 more
Caused by: java.net.BindException: Cannot assign requested address
	at sun.nio.ch.Net.bind0(Native Method)
	at sun.nio.ch.Net.bind(Net.java:433)
	at sun.nio.ch.Net.bind(Net.java:425)
	at sun.nio.ch.ServerSocketChannelImpl.bind(ServerSocketChannelImpl.java:223)
	at sun.nio.ch.ServerSocketAdaptor.bind(ServerSocketAdaptor.java:74)
	at org.apache.hadoop.ipc.Server.bind(Server.java:537)
	... 25 more
2018-01-07 13:08:50,247 INFO org.apache.hadoop.yarn.server.resourcemanager.ResourceManager: Transitioning to standby state
2018-01-07 13:08:50,247 INFO org.apache.hadoop.yarn.server.resourcemanager.ResourceManager: Transitioned to standby state
2018-01-07 13:08:50,247 FATAL org.apache.hadoop.yarn.server.resourcemanager.ResourceManager: Error starting ResourceManager
org.apache.hadoop.yarn.exceptions.YarnRuntimeException: java.net.BindException: Problem binding to [hadoop-master:8031] java.net.BindException: Cannot assign requested address; For more details see:  http://wiki.apache.org/hadoop/BindException
	at org.apache.hadoop.yarn.factories.impl.pb.RpcServerFactoryPBImpl.getServer(RpcServerFactoryPBImpl.java:139)
	at org.apache.hadoop.yarn.ipc.HadoopYarnProtoRPC.getServer(HadoopYarnProtoRPC.java:65)
	at org.apache.hadoop.yarn.ipc.YarnRPC.getServer(YarnRPC.java:54)
	at org.apache.hadoop.yarn.server.resourcemanager.ResourceTrackerService.serviceStart(ResourceTrackerService.java:220)
	at org.apache.hadoop.service.AbstractService.start(AbstractService.java:193)
	at org.apache.hadoop.service.CompositeService.serviceStart(CompositeService.java:120)
	at org.apache.hadoop.yarn.server.resourcemanager.ResourceManager$RMActiveServices.serviceStart(ResourceManager.java:701)
	at org.apache.hadoop.service.AbstractService.start(AbstractService.java:193)
	at org.apache.hadoop.yarn.server.resourcemanager.ResourceManager.startActiveServices(ResourceManager.java:1097)
	at org.apache.hadoop.yarn.server.resourcemanager.ResourceManager$1.run(ResourceManager.java:1137)
	at org.apache.hadoop.yarn.server.resourcemanager.ResourceManager$1.run(ResourceManager.java:1133)
	at java.security.AccessController.doPrivileged(Native Method)
	at javax.security.auth.Subject.doAs(Subject.java:422)
	at org.apache.hadoop.security.UserGroupInformation.doAs(UserGroupInformation.java:1836)
	at org.apache.hadoop.yarn.server.resourcemanager.ResourceManager.transitionToActive(ResourceManager.java:1133)
	at org.apache.hadoop.yarn.server.resourcemanager.ResourceManager.serviceStart(ResourceManager.java:1173)
	at org.apache.hadoop.service.AbstractService.start(AbstractService.java:193)
	at org.apache.hadoop.yarn.server.resourcemanager.ResourceManager.main(ResourceManager.java:1338)
Caused by: java.net.BindException: Problem binding to [hadoop-master:8031] java.net.BindException: Cannot assign requested address; For more details see:  http://wiki.apache.org/hadoop/BindException
	at sun.reflect.NativeConstructorAccessorImpl.newInstance0(Native Method)
	at sun.reflect.NativeConstructorAccessorImpl.newInstance(NativeConstructorAccessorImpl.java:62)
	at sun.reflect.DelegatingConstructorAccessorImpl.newInstance(DelegatingConstructorAccessorImpl.java:45)
	at java.lang.reflect.Constructor.newInstance(Constructor.java:423)
	at org.apache.hadoop.net.NetUtils.wrapWithMessage(NetUtils.java:801)
	at org.apache.hadoop.net.NetUtils.wrapException(NetUtils.java:721)
	at org.apache.hadoop.ipc.Server.bind(Server.java:554)
	at org.apache.hadoop.ipc.Server$Listener.<init>(Server.java:921)
	at org.apache.hadoop.ipc.Server.<init>(Server.java:2618)
	at org.apache.hadoop.ipc.RPC$Server.<init>(RPC.java:958)
	at org.apache.hadoop.ipc.ProtobufRpcEngine$Server.<init>(ProtobufRpcEngine.java:366)
	at org.apache.hadoop.ipc.ProtobufRpcEngine.getServer(ProtobufRpcEngine.java:341)
	at org.apache.hadoop.ipc.RPC$Builder.build(RPC.java:800)
	at org.apache.hadoop.yarn.factories.impl.pb.RpcServerFactoryPBImpl.createServer(RpcServerFactoryPBImpl.java:169)
	at org.apache.hadoop.yarn.factories.impl.pb.RpcServerFactoryPBImpl.getServer(RpcServerFactoryPBImpl.java:132)
	... 17 more
Caused by: java.net.BindException: Cannot assign requested address
	at sun.nio.ch.Net.bind0(Native Method)
	at sun.nio.ch.Net.bind(Net.java:433)
	at sun.nio.ch.Net.bind(Net.java:425)
	at sun.nio.ch.ServerSocketChannelImpl.bind(ServerSocketChannelImpl.java:223)
	at sun.nio.ch.ServerSocketAdaptor.bind(ServerSocketAdaptor.java:74)
	at org.apache.hadoop.ipc.Server.bind(Server.java:537)
	... 25 more
2018-01-07 13:08:50,500 INFO org.apache.hadoop.yarn.server.resourcemanager.ResourceManager: SHUTDOWN_MSG: 
/************************************************************
SHUTDOWN_MSG: Shutting down ResourceManager at hadoop-secmaster/192.168.28.130
************************************************************/
